This file contains any messages produced by compilers while
running configure, to aid debugging if configure makes a mistake.

It was created by FULL-PACKAGE-NAME configure VERSION, which was
generated by GNU Autoconf 2.68.  Invocation command line was

  $ ./configure 

## --------- ##
## Platform. ##
## --------- ##

hostname = elijah-2.local
uname -m = x86_64
uname -r = 11.3.0
uname -s = Darwin
uname -v = Darwin Kernel Version 11.3.0: Thu Jan 12 18:47:41 PST 2012; root:xnu-1699.24.23~1/RELEASE_X86_64

/usr/bin/uname -p = i386
/bin/uname -X     = unknown

/bin/arch              = unknown
/usr/bin/arch -k       = unknown
/usr/convex/getsysinfo = unknown
/usr/bin/hostinfo      = Mach kernel version:
	 Darwin Kernel Version 11.3.0: Thu Jan 12 18:47:41 PST 2012; root:xnu-1699.24.23~1/RELEASE_X86_64
Kernel configured for up to 4 processors.
2 processors are physically available.
4 processors are logically available.
Processor type: i486 (Intel 80486)
Processors active: 0 1 2 3
Primary memory available: 8.00 gigabytes
Default processor set: 180 tasks, 1006 threads, 4 processors
Load average: 5.16, Mach factor: 0.89
/bin/machine           = unknown
/usr/bin/oslevel       = unknown
/bin/universe          = unknown

PATH: /Users/zdennis/.rvm/gems/ruby-1.9.2-p318/bin
PATH: /Users/zdennis/.rvm/gems/ruby-1.9.2-p318@global/bin
PATH: /Users/zdennis/.rvm/rubies/ruby-1.9.2-p318/bin
PATH: /Users/zdennis/.rvm/bin
PATH: /Applications/Postgres.app/Contents/MacOS/bin
PATH: /Users/zdennis/bin
PATH: /bin
PATH: /opt/local/bin
PATH: /opt/local/sbin
PATH: /usr/bin
PATH: /usr/sbin
PATH: /sbin
PATH: /usr/local/bin
PATH: /usr/X11/bin
PATH: /usr/local/sbin
PATH: /opt/local/lib/postgresql81/bin
PATH: /Users/zdennis/source/mhs_projects/syncr/.tidbits/bin
PATH: /Users/zdennis/source/playground/AdobeAir/AdobeAIRSDK/bin


## ----------- ##
## Core tests. ##
## ----------- ##

configure:2253: checking for g++
configure:2269: found /usr/bin/g++
configure:2280: result: g++
configure:2307: checking for C++ compiler version
configure:2316: g++ --version >&5
i686-apple-darwin11-llvm-g++-4.2 (GCC) 4.2.1 (Based on Apple Inc. build 5658) (LLVM build 2336.9.00)
Copyright (C) 2007 Free Software Foundation, Inc.
This is free software; see the source for copying conditions.  There is NO
warranty; not even for MERCHANTABILITY or FITNESS FOR A PARTICULAR PURPOSE.

configure:2327: $? = 0
configure:2316: g++ -v >&5
Using built-in specs.
Target: i686-apple-darwin11
Configured with: /private/var/tmp/llvmgcc42/llvmgcc42-2336.9~22/src/configure --disable-checking --enable-werror --prefix=/Applications/Xcode.app/Contents/Developer/usr/llvm-gcc-4.2 --mandir=/share/man --enable-languages=c,objc,c++,obj-c++ --program-prefix=llvm- --program-transform-name=/^[cg][^.-]*$/s/$/-4.2/ --with-slibdir=/usr/lib --build=i686-apple-darwin11 --enable-llvm=/private/var/tmp/llvmgcc42/llvmgcc42-2336.9~22/dst-llvmCore/Developer/usr/local --program-prefix=i686-apple-darwin11- --host=x86_64-apple-darwin11 --target=i686-apple-darwin11 --with-gxx-include-dir=/usr/include/c++/4.2.1
Thread model: posix
gcc version 4.2.1 (Based on Apple Inc. build 5658) (LLVM build 2336.9.00)
configure:2327: $? = 0
configure:2316: g++ -V >&5
llvm-g++-4.2: argument to `-V' is missing
configure:2327: $? = 1
configure:2316: g++ -qversion >&5
i686-apple-darwin11-llvm-g++-4.2: no input files
configure:2327: $? = 1
configure:2347: checking whether the C++ compiler works
configure:2369: g++    conftest.cpp  >&5
configure:2373: $? = 0
configure:2421: result: yes
configure:2424: checking for C++ compiler default output file name
configure:2426: result: a.out
configure:2432: checking for suffix of executables
configure:2439: g++ -o conftest    conftest.cpp  >&5
configure:2443: $? = 0
configure:2465: result: 
configure:2487: checking whether we are cross compiling
configure:2495: g++ -o conftest    conftest.cpp  >&5
configure:2499: $? = 0
configure:2506: ./conftest
configure:2510: $? = 0
configure:2525: result: no
configure:2530: checking for suffix of object files
configure:2552: g++ -c   conftest.cpp >&5
configure:2556: $? = 0
configure:2577: result: o
configure:2581: checking whether we are using the GNU C++ compiler
configure:2600: g++ -c   conftest.cpp >&5
configure:2600: $? = 0
configure:2609: result: yes
configure:2618: checking whether g++ accepts -g
configure:2638: g++ -c -g  conftest.cpp >&5
configure:2638: $? = 0
configure:2679: result: yes
configure:2750: checking for gcc
configure:2766: found /usr/bin/gcc
configure:2777: result: gcc
configure:3006: checking for C compiler version
configure:3015: gcc --version >&5
i686-apple-darwin11-llvm-gcc-4.2 (GCC) 4.2.1 (Based on Apple Inc. build 5658) (LLVM build 2336.9.00)
Copyright (C) 2007 Free Software Foundation, Inc.
This is free software; see the source for copying conditions.  There is NO
warranty; not even for MERCHANTABILITY or FITNESS FOR A PARTICULAR PURPOSE.

configure:3026: $? = 0
configure:3015: gcc -v >&5
Using built-in specs.
Target: i686-apple-darwin11
Configured with: /private/var/tmp/llvmgcc42/llvmgcc42-2336.9~22/src/configure --disable-checking --enable-werror --prefix=/Applications/Xcode.app/Contents/Developer/usr/llvm-gcc-4.2 --mandir=/share/man --enable-languages=c,objc,c++,obj-c++ --program-prefix=llvm- --program-transform-name=/^[cg][^.-]*$/s/$/-4.2/ --with-slibdir=/usr/lib --build=i686-apple-darwin11 --enable-llvm=/private/var/tmp/llvmgcc42/llvmgcc42-2336.9~22/dst-llvmCore/Developer/usr/local --program-prefix=i686-apple-darwin11- --host=x86_64-apple-darwin11 --target=i686-apple-darwin11 --with-gxx-include-dir=/usr/include/c++/4.2.1
Thread model: posix
gcc version 4.2.1 (Based on Apple Inc. build 5658) (LLVM build 2336.9.00)
configure:3026: $? = 0
configure:3015: gcc -V >&5
llvm-gcc-4.2: argument to `-V' is missing
configure:3026: $? = 1
configure:3015: gcc -qversion >&5
i686-apple-darwin11-llvm-gcc-4.2: no input files
configure:3026: $? = 1
configure:3030: checking whether we are using the GNU C compiler
configure:3049: gcc -c   conftest.c >&5
configure:3049: $? = 0
configure:3058: result: yes
configure:3067: checking whether gcc accepts -g
configure:3087: gcc -c -g  conftest.c >&5
configure:3087: $? = 0
configure:3128: result: yes
configure:3145: checking for gcc option to accept ISO C89
configure:3209: gcc  -c -g -O2  conftest.c >&5
configure:3209: $? = 0
configure:3222: result: none needed
configure:3285: checking for ranlib
configure:3301: found /usr/bin/ranlib
configure:3312: result: ranlib
configure:3341: checking how to run the C preprocessor
configure:3372: gcc -E  conftest.c
configure:3372: $? = 0
configure:3386: gcc -E  conftest.c
conftest.c:9:28: error: ac_nonexistent.h: No such file or directory
configure:3386: $? = 1
configure: failed program was:
| /* confdefs.h */
| #define PACKAGE_NAME "FULL-PACKAGE-NAME"
| #define PACKAGE_TARNAME "full-package-name"
| #define PACKAGE_VERSION "VERSION"
| #define PACKAGE_STRING "FULL-PACKAGE-NAME VERSION"
| #define PACKAGE_BUGREPORT "BUG-REPORT-ADDRESS"
| #define PACKAGE_URL ""
| /* end confdefs.h.  */
| #include <ac_nonexistent.h>
configure:3411: result: gcc -E
configure:3431: gcc -E  conftest.c
configure:3431: $? = 0
configure:3445: gcc -E  conftest.c
conftest.c:9:28: error: ac_nonexistent.h: No such file or directory
configure:3445: $? = 1
configure: failed program was:
| /* confdefs.h */
| #define PACKAGE_NAME "FULL-PACKAGE-NAME"
| #define PACKAGE_TARNAME "full-package-name"
| #define PACKAGE_VERSION "VERSION"
| #define PACKAGE_STRING "FULL-PACKAGE-NAME VERSION"
| #define PACKAGE_BUGREPORT "BUG-REPORT-ADDRESS"
| #define PACKAGE_URL ""
| /* end confdefs.h.  */
| #include <ac_nonexistent.h>
configure:3474: checking for X
configure:3582: gcc -E  conftest.c
configure:3582: $? = 0
configure:3613: gcc -o conftest -g -O2   conftest.c -lX11  >&5
ld: library not found for -lX11
collect2: ld returned 1 exit status
configure:3613: $? = 1
configure: failed program was:
| /* confdefs.h */
| #define PACKAGE_NAME "FULL-PACKAGE-NAME"
| #define PACKAGE_TARNAME "full-package-name"
| #define PACKAGE_VERSION "VERSION"
| #define PACKAGE_STRING "FULL-PACKAGE-NAME VERSION"
| #define PACKAGE_BUGREPORT "BUG-REPORT-ADDRESS"
| #define PACKAGE_URL ""
| /* end confdefs.h.  */
| #include <X11/Xlib.h>
| int
| main ()
| {
| XrmInitialize ()
|   ;
|   return 0;
| }
configure:3663: result: libraries /usr/X11/lib, headers 
configure:3683: checking whether -R must be followed by a space
configure:3699: gcc -o conftest -g -O2   conftest.c  -R/usr/X11/lib >&5
configure:3699: $? = 0
configure:3700: result: no
configure:3762: gcc -o conftest -g -O2   conftest.c   -L/usr/X11/lib -R/usr/X11/lib -lX11 >&5
configure:3762: $? = 0
configure:3860: checking for gethostbyname
configure:3860: gcc -o conftest -g -O2   conftest.c  >&5
configure:3860: $? = 0
configure:3860: result: yes
configure:3957: checking for connect
configure:3957: gcc -o conftest -g -O2   conftest.c  >&5
configure:3957: $? = 0
configure:3957: result: yes
configure:4006: checking for remove
configure:4006: gcc -o conftest -g -O2   conftest.c  >&5
configure:4006: $? = 0
configure:4006: result: yes
configure:4055: checking for shmat
configure:4055: gcc -o conftest -g -O2   conftest.c  >&5
configure:4055: $? = 0
configure:4055: result: yes
configure:4113: checking for IceConnectionNumber in -lICE
configure:4138: gcc -o conftest -g -O2   -L/usr/X11/lib conftest.c -lICE   >&5
configure:4138: $? = 0
configure:4147: result: yes
configure:4160: checking for dirent.h that defines DIR
configure:4179: gcc -c -g -O2  conftest.c >&5
configure:4179: $? = 0
configure:4187: result: yes
configure:4200: checking for library containing opendir
configure:4231: gcc -o conftest -g -O2   conftest.c  >&5
configure:4231: $? = 0
configure:4248: result: none required
configure:4318: checking for main in -lGoo
configure:4337: gcc -o conftest -g -O2   conftest.c -lGoo   >&5
ld: library not found for -lGoo
collect2: ld returned 1 exit status
configure:4337: $? = 1
configure: failed program was:
| /* confdefs.h */
| #define PACKAGE_NAME "FULL-PACKAGE-NAME"
| #define PACKAGE_TARNAME "full-package-name"
| #define PACKAGE_VERSION "VERSION"
| #define PACKAGE_STRING "FULL-PACKAGE-NAME VERSION"
| #define PACKAGE_BUGREPORT "BUG-REPORT-ADDRESS"
| #define PACKAGE_URL ""
| #define HAVE_DIRENT_H 1
| /* end confdefs.h.  */
| 
| 
| int
| main ()
| {
| return main ();
|   ;
|   return 0;
| }
configure:4346: result: no
configure:4358: checking for main in -lX11
configure:4377: gcc -o conftest -g -O2   conftest.c -lX11   >&5
ld: library not found for -lX11
collect2: ld returned 1 exit status
configure:4377: $? = 1
configure: failed program was:
| /* confdefs.h */
| #define PACKAGE_NAME "FULL-PACKAGE-NAME"
| #define PACKAGE_TARNAME "full-package-name"
| #define PACKAGE_VERSION "VERSION"
| #define PACKAGE_STRING "FULL-PACKAGE-NAME VERSION"
| #define PACKAGE_BUGREPORT "BUG-REPORT-ADDRESS"
| #define PACKAGE_URL ""
| #define HAVE_DIRENT_H 1
| /* end confdefs.h.  */
| 
| 
| int
| main ()
| {
| return main ();
|   ;
|   return 0;
| }
configure:4386: result: no
configure:4398: checking for main in -lXpdf
configure:4417: gcc -o conftest -g -O2   conftest.c -lXpdf   >&5
ld: library not found for -lXpdf
collect2: ld returned 1 exit status
configure:4417: $? = 1
configure: failed program was:
| /* confdefs.h */
| #define PACKAGE_NAME "FULL-PACKAGE-NAME"
| #define PACKAGE_TARNAME "full-package-name"
| #define PACKAGE_VERSION "VERSION"
| #define PACKAGE_STRING "FULL-PACKAGE-NAME VERSION"
| #define PACKAGE_BUGREPORT "BUG-REPORT-ADDRESS"
| #define PACKAGE_URL ""
| #define HAVE_DIRENT_H 1
| /* end confdefs.h.  */
| 
| 
| int
| main ()
| {
| return main ();
|   ;
|   return 0;
| }
configure:4426: result: no
configure:4438: checking for main in -lfofi
configure:4457: gcc -o conftest -g -O2   conftest.c -lfofi   >&5
ld: library not found for -lfofi
collect2: ld returned 1 exit status
configure:4457: $? = 1
configure: failed program was:
| /* confdefs.h */
| #define PACKAGE_NAME "FULL-PACKAGE-NAME"
| #define PACKAGE_TARNAME "full-package-name"
| #define PACKAGE_VERSION "VERSION"
| #define PACKAGE_STRING "FULL-PACKAGE-NAME VERSION"
| #define PACKAGE_BUGREPORT "BUG-REPORT-ADDRESS"
| #define PACKAGE_URL ""
| #define HAVE_DIRENT_H 1
| /* end confdefs.h.  */
| 
| 
| int
| main ()
| {
| return main ();
|   ;
|   return 0;
| }
configure:4466: result: no
configure:4478: checking for main in -lm
configure:4497: gcc -o conftest -g -O2   conftest.c -lm   >&5
configure:4497: $? = 0
configure:4506: result: yes
configure:4518: checking for main in -lsplash
configure:4537: gcc -o conftest -g -O2   conftest.c -lsplash  -lm  >&5
ld: library not found for -lsplash
collect2: ld returned 1 exit status
configure:4537: $? = 1
configure: failed program was:
| /* confdefs.h */
| #define PACKAGE_NAME "FULL-PACKAGE-NAME"
| #define PACKAGE_TARNAME "full-package-name"
| #define PACKAGE_VERSION "VERSION"
| #define PACKAGE_STRING "FULL-PACKAGE-NAME VERSION"
| #define PACKAGE_BUGREPORT "BUG-REPORT-ADDRESS"
| #define PACKAGE_URL ""
| #define HAVE_DIRENT_H 1
| #define HAVE_LIBM 1
| /* end confdefs.h.  */
| 
| 
| int
| main ()
| {
| return main ();
|   ;
|   return 0;
| }
configure:4546: result: no
configure:4559: checking for grep that handles long lines and -e
configure:4617: result: /usr/bin/grep
configure:4622: checking for egrep
configure:4684: result: /usr/bin/grep -E
configure:4689: checking for ANSI C header files
configure:4709: gcc -c -g -O2  conftest.c >&5
configure:4709: $? = 0
configure:4782: gcc -o conftest -g -O2   conftest.c -lm  >&5
configure:4782: $? = 0
configure:4782: ./conftest
configure:4782: $? = 0
configure:4793: result: yes
configure:4806: checking for sys/types.h
configure:4806: gcc -c -g -O2  conftest.c >&5
configure:4806: $? = 0
configure:4806: result: yes
configure:4806: checking for sys/stat.h
configure:4806: gcc -c -g -O2  conftest.c >&5
configure:4806: $? = 0
configure:4806: result: yes
configure:4806: checking for stdlib.h
configure:4806: gcc -c -g -O2  conftest.c >&5
configure:4806: $? = 0
configure:4806: result: yes
configure:4806: checking for string.h
configure:4806: gcc -c -g -O2  conftest.c >&5
configure:4806: $? = 0
configure:4806: result: yes
configure:4806: checking for memory.h
configure:4806: gcc -c -g -O2  conftest.c >&5
configure:4806: $? = 0
configure:4806: result: yes
configure:4806: checking for strings.h
configure:4806: gcc -c -g -O2  conftest.c >&5
configure:4806: $? = 0
configure:4806: result: yes
configure:4806: checking for inttypes.h
configure:4806: gcc -c -g -O2  conftest.c >&5
configure:4806: $? = 0
configure:4806: result: yes
configure:4806: checking for stdint.h
configure:4806: gcc -c -g -O2  conftest.c >&5
configure:4806: $? = 0
configure:4806: result: yes
configure:4806: checking for unistd.h
configure:4806: gcc -c -g -O2  conftest.c >&5
configure:4806: $? = 0
configure:4806: result: yes
configure:4821: checking fcntl.h usability
configure:4821: gcc -c -g -O2  conftest.c >&5
configure:4821: $? = 0
configure:4821: result: yes
configure:4821: checking fcntl.h presence
configure:4821: gcc -E  conftest.c
configure:4821: $? = 0
configure:4821: result: yes
configure:4821: checking for fcntl.h
configure:4821: result: yes
configure:4821: checking limits.h usability
configure:4821: gcc -c -g -O2  conftest.c >&5
configure:4821: $? = 0
configure:4821: result: yes
configure:4821: checking limits.h presence
configure:4821: gcc -E  conftest.c
configure:4821: $? = 0
configure:4821: result: yes
configure:4821: checking for limits.h
configure:4821: result: yes
configure:4821: checking stddef.h usability
configure:4821: gcc -c -g -O2  conftest.c >&5
configure:4821: $? = 0
configure:4821: result: yes
configure:4821: checking stddef.h presence
configure:4821: gcc -E  conftest.c
configure:4821: $? = 0
configure:4821: result: yes
configure:4821: checking for stddef.h
configure:4821: result: yes
configure:4821: checking for stdlib.h
configure:4821: result: yes
configure:4821: checking for string.h
configure:4821: result: yes
configure:4821: checking for unistd.h
configure:4821: result: yes
configure:4833: checking for stdbool.h that conforms to C99
configure:4900: gcc -c -g -O2  conftest.c >&5
configure:4900: $? = 0
configure:4907: result: yes
configure:4909: checking for _Bool
configure:4909: gcc -c -g -O2  conftest.c >&5
configure:4909: $? = 0
configure:4909: gcc -c -g -O2  conftest.c >&5
conftest.c: In function 'main':
conftest.c:63: error: expected expression before ')' token
configure:4909: $? = 1
configure: failed program was:
| /* confdefs.h */
| #define PACKAGE_NAME "FULL-PACKAGE-NAME"
| #define PACKAGE_TARNAME "full-package-name"
| #define PACKAGE_VERSION "VERSION"
| #define PACKAGE_STRING "FULL-PACKAGE-NAME VERSION"
| #define PACKAGE_BUGREPORT "BUG-REPORT-ADDRESS"
| #define PACKAGE_URL ""
| #define HAVE_DIRENT_H 1
| #define HAVE_LIBM 1
| #define STDC_HEADERS 1
| #define HAVE_SYS_TYPES_H 1
| #define HAVE_SYS_STAT_H 1
| #define HAVE_STDLIB_H 1
| #define HAVE_STRING_H 1
| #define HAVE_MEMORY_H 1
| #define HAVE_STRINGS_H 1
| #define HAVE_INTTYPES_H 1
| #define HAVE_STDINT_H 1
| #define HAVE_UNISTD_H 1
| #define HAVE_FCNTL_H 1
| #define HAVE_LIMITS_H 1
| #define HAVE_STDDEF_H 1
| #define HAVE_STDLIB_H 1
| #define HAVE_STRING_H 1
| #define HAVE_UNISTD_H 1
| /* end confdefs.h.  */
| #include <stdio.h>
| #ifdef HAVE_SYS_TYPES_H
| # include <sys/types.h>
| #endif
| #ifdef HAVE_SYS_STAT_H
| # include <sys/stat.h>
| #endif
| #ifdef STDC_HEADERS
| # include <stdlib.h>
| # include <stddef.h>
| #else
| # ifdef HAVE_STDLIB_H
| #  include <stdlib.h>
| # endif
| #endif
| #ifdef HAVE_STRING_H
| # if !defined STDC_HEADERS && defined HAVE_MEMORY_H
| #  include <memory.h>
| # endif
| # include <string.h>
| #endif
| #ifdef HAVE_STRINGS_H
| # include <strings.h>
| #endif
| #ifdef HAVE_INTTYPES_H
| # include <inttypes.h>
| #endif
| #ifdef HAVE_STDINT_H
| # include <stdint.h>
| #endif
| #ifdef HAVE_UNISTD_H
| # include <unistd.h>
| #endif
| int
| main ()
| {
| if (sizeof ((_Bool)))
| 	    return 0;
|   ;
|   return 0;
| }
configure:4909: result: yes
configure:4925: checking for inline
configure:4941: gcc -c -g -O2  conftest.c >&5
configure:4941: $? = 0
configure:4949: result: inline
configure:4967: checking for size_t
configure:4967: gcc -c -g -O2  conftest.c >&5
configure:4967: $? = 0
configure:4967: gcc -c -g -O2  conftest.c >&5
conftest.c: In function 'main':
conftest.c:65: error: expected expression before ')' token
configure:4967: $? = 1
configure: failed program was:
| /* confdefs.h */
| #define PACKAGE_NAME "FULL-PACKAGE-NAME"
| #define PACKAGE_TARNAME "full-package-name"
| #define PACKAGE_VERSION "VERSION"
| #define PACKAGE_STRING "FULL-PACKAGE-NAME VERSION"
| #define PACKAGE_BUGREPORT "BUG-REPORT-ADDRESS"
| #define PACKAGE_URL ""
| #define HAVE_DIRENT_H 1
| #define HAVE_LIBM 1
| #define STDC_HEADERS 1
| #define HAVE_SYS_TYPES_H 1
| #define HAVE_SYS_STAT_H 1
| #define HAVE_STDLIB_H 1
| #define HAVE_STRING_H 1
| #define HAVE_MEMORY_H 1
| #define HAVE_STRINGS_H 1
| #define HAVE_INTTYPES_H 1
| #define HAVE_STDINT_H 1
| #define HAVE_UNISTD_H 1
| #define HAVE_FCNTL_H 1
| #define HAVE_LIMITS_H 1
| #define HAVE_STDDEF_H 1
| #define HAVE_STDLIB_H 1
| #define HAVE_STRING_H 1
| #define HAVE_UNISTD_H 1
| #define HAVE__BOOL 1
| #define HAVE_STDBOOL_H 1
| /* end confdefs.h.  */
| #include <stdio.h>
| #ifdef HAVE_SYS_TYPES_H
| # include <sys/types.h>
| #endif
| #ifdef HAVE_SYS_STAT_H
| # include <sys/stat.h>
| #endif
| #ifdef STDC_HEADERS
| # include <stdlib.h>
| # include <stddef.h>
| #else
| # ifdef HAVE_STDLIB_H
| #  include <stdlib.h>
| # endif
| #endif
| #ifdef HAVE_STRING_H
| # if !defined STDC_HEADERS && defined HAVE_MEMORY_H
| #  include <memory.h>
| # endif
| # include <string.h>
| #endif
| #ifdef HAVE_STRINGS_H
| # include <strings.h>
| #endif
| #ifdef HAVE_INTTYPES_H
| # include <inttypes.h>
| #endif
| #ifdef HAVE_STDINT_H
| # include <stdint.h>
| #endif
| #ifdef HAVE_UNISTD_H
| # include <unistd.h>
| #endif
| int
| main ()
| {
| if (sizeof ((size_t)))
| 	    return 0;
|   ;
|   return 0;
| }
configure:4967: result: yes
configure:4995: checking for popen
configure:4995: gcc -o conftest -g -O2   conftest.c -lm  >&5
configure:4995: $? = 0
configure:4995: result: yes
configure:5004: checking for mkstemp
configure:5021: gcc -o conftest -g -O2   conftest.c -lm  >&5
configure:5021: $? = 0
configure:5029: result: yes
configure:5035: checking for mkstemps
configure:5052: gcc -o conftest -g -O2   conftest.c -lm  >&5
configure:5052: $? = 0
configure:5060: result: yes
configure:5068: checking for error_at_line
configure:5084: gcc -o conftest -g -O2   conftest.c -lm  >&5
conftest.c:33:19: error: error.h: No such file or directory
configure:5084: $? = 1
configure: failed program was:
| /* confdefs.h */
| #define PACKAGE_NAME "FULL-PACKAGE-NAME"
| #define PACKAGE_TARNAME "full-package-name"
| #define PACKAGE_VERSION "VERSION"
| #define PACKAGE_STRING "FULL-PACKAGE-NAME VERSION"
| #define PACKAGE_BUGREPORT "BUG-REPORT-ADDRESS"
| #define PACKAGE_URL ""
| #define HAVE_DIRENT_H 1
| #define HAVE_LIBM 1
| #define STDC_HEADERS 1
| #define HAVE_SYS_TYPES_H 1
| #define HAVE_SYS_STAT_H 1
| #define HAVE_STDLIB_H 1
| #define HAVE_STRING_H 1
| #define HAVE_MEMORY_H 1
| #define HAVE_STRINGS_H 1
| #define HAVE_INTTYPES_H 1
| #define HAVE_STDINT_H 1
| #define HAVE_UNISTD_H 1
| #define HAVE_FCNTL_H 1
| #define HAVE_LIMITS_H 1
| #define HAVE_STDDEF_H 1
| #define HAVE_STDLIB_H 1
| #define HAVE_STRING_H 1
| #define HAVE_UNISTD_H 1
| #define HAVE__BOOL 1
| #define HAVE_STDBOOL_H 1
| #define SYSTEM_XPDFRC "/usr/local/etc/xpdfrc"
| #define HAVE_POPEN 1
| #define HAVE_MKSTEMP 1
| #define HAVE_MKSTEMPS 1
| /* end confdefs.h.  */
| #include <error.h>
| int
| main ()
| {
| error_at_line (0, 0, "", 0, "an error occurred");
|   ;
|   return 0;
| }
configure:5092: result: no
configure:5103: checking for _LARGEFILE_SOURCE value needed for large files
configure:5122: gcc -o conftest -g -O2   conftest.c -lm  >&5
configure:5122: $? = 0
configure:5150: result: no
configure:5173: checking for stdlib.h
configure:5173: result: yes
configure:5183: checking for GNU libc compatible malloc
configure:5207: gcc -o conftest -g -O2   conftest.c -lm  >&5
configure:5207: $? = 0
configure:5207: ./conftest
configure:5207: $? = 0
configure:5217: result: yes
configure:5238: checking whether time.h and sys/time.h may both be included
configure:5258: gcc -c -g -O2  conftest.c >&5
configure:5258: $? = 0
configure:5265: result: yes
configure:5279: checking for sys/time.h
configure:5279: gcc -c -g -O2  conftest.c >&5
configure:5279: $? = 0
configure:5279: result: yes
configure:5279: checking for unistd.h
configure:5279: result: yes
configure:5300: checking for alarm
configure:5300: gcc -o conftest -g -O2   conftest.c -lm  >&5
configure:5300: $? = 0
configure:5300: result: yes
configure:5313: checking for working mktime
configure:5515: gcc -o conftest -g -O2   conftest.c -lm  >&5
configure:5515: $? = 0
configure:5515: ./conftest
configure:5515: $? = 1
configure: program exited with status 1
configure: failed program was:
| /* confdefs.h */
| #define PACKAGE_NAME "FULL-PACKAGE-NAME"
| #define PACKAGE_TARNAME "full-package-name"
| #define PACKAGE_VERSION "VERSION"
| #define PACKAGE_STRING "FULL-PACKAGE-NAME VERSION"
| #define PACKAGE_BUGREPORT "BUG-REPORT-ADDRESS"
| #define PACKAGE_URL ""
| #define HAVE_DIRENT_H 1
| #define HAVE_LIBM 1
| #define STDC_HEADERS 1
| #define HAVE_SYS_TYPES_H 1
| #define HAVE_SYS_STAT_H 1
| #define HAVE_STDLIB_H 1
| #define HAVE_STRING_H 1
| #define HAVE_MEMORY_H 1
| #define HAVE_STRINGS_H 1
| #define HAVE_INTTYPES_H 1
| #define HAVE_STDINT_H 1
| #define HAVE_UNISTD_H 1
| #define HAVE_FCNTL_H 1
| #define HAVE_LIMITS_H 1
| #define HAVE_STDDEF_H 1
| #define HAVE_STDLIB_H 1
| #define HAVE_STRING_H 1
| #define HAVE_UNISTD_H 1
| #define HAVE__BOOL 1
| #define HAVE_STDBOOL_H 1
| #define SYSTEM_XPDFRC "/usr/local/etc/xpdfrc"
| #define HAVE_POPEN 1
| #define HAVE_MKSTEMP 1
| #define HAVE_MKSTEMPS 1
| #define HAVE_FSEEKO 1
| #define HAVE_STDLIB_H 1
| #define HAVE_MALLOC 1
| #define TIME_WITH_SYS_TIME 1
| #define HAVE_SYS_TIME_H 1
| #define HAVE_UNISTD_H 1
| #define HAVE_ALARM 1
| /* end confdefs.h.  */
| /* Test program from Paul Eggert and Tony Leneis.  */
| #ifdef TIME_WITH_SYS_TIME
| # include <sys/time.h>
| # include <time.h>
| #else
| # ifdef HAVE_SYS_TIME_H
| #  include <sys/time.h>
| # else
| #  include <time.h>
| # endif
| #endif
| 
| #include <limits.h>
| #include <stdlib.h>
| 
| #ifdef HAVE_UNISTD_H
| # include <unistd.h>
| #endif
| 
| #ifndef HAVE_ALARM
| # define alarm(X) /* empty */
| #endif
| 
| /* Work around redefinition to rpl_putenv by other config tests.  */
| #undef putenv
| 
| static time_t time_t_max;
| static time_t time_t_min;
| 
| /* Values we'll use to set the TZ environment variable.  */
| static const char *tz_strings[] = {
|   (const char *) 0, "TZ=GMT0", "TZ=JST-9",
|   "TZ=EST+3EDT+2,M10.1.0/00:00:00,M2.3.0/00:00:00"
| };
| #define N_STRINGS (sizeof (tz_strings) / sizeof (tz_strings[0]))
| 
| /* Return 0 if mktime fails to convert a date in the spring-forward gap.
|    Based on a problem report from Andreas Jaeger.  */
| static int
| spring_forward_gap ()
| {
|   /* glibc (up to about 1998-10-07) failed this test. */
|   struct tm tm;
| 
|   /* Use the portable POSIX.1 specification "TZ=PST8PDT,M4.1.0,M10.5.0"
|      instead of "TZ=America/Vancouver" in order to detect the bug even
|      on systems that don't support the Olson extension, or don't have the
|      full zoneinfo tables installed.  */
|   putenv ((char*) "TZ=PST8PDT,M4.1.0,M10.5.0");
| 
|   tm.tm_year = 98;
|   tm.tm_mon = 3;
|   tm.tm_mday = 5;
|   tm.tm_hour = 2;
|   tm.tm_min = 0;
|   tm.tm_sec = 0;
|   tm.tm_isdst = -1;
|   return mktime (&tm) != (time_t) -1;
| }
| 
| static int
| mktime_test1 (time_t now)
| {
|   struct tm *lt;
|   return ! (lt = localtime (&now)) || mktime (lt) == now;
| }
| 
| static int
| mktime_test (time_t now)
| {
|   return (mktime_test1 (now)
| 	  && mktime_test1 ((time_t) (time_t_max - now))
| 	  && mktime_test1 ((time_t) (time_t_min + now)));
| }
| 
| static int
| irix_6_4_bug ()
| {
|   /* Based on code from Ariel Faigon.  */
|   struct tm tm;
|   tm.tm_year = 96;
|   tm.tm_mon = 3;
|   tm.tm_mday = 0;
|   tm.tm_hour = 0;
|   tm.tm_min = 0;
|   tm.tm_sec = 0;
|   tm.tm_isdst = -1;
|   mktime (&tm);
|   return tm.tm_mon == 2 && tm.tm_mday == 31;
| }
| 
| static int
| bigtime_test (int j)
| {
|   struct tm tm;
|   time_t now;
|   tm.tm_year = tm.tm_mon = tm.tm_mday = tm.tm_hour = tm.tm_min = tm.tm_sec = j;
|   now = mktime (&tm);
|   if (now != (time_t) -1)
|     {
|       struct tm *lt = localtime (&now);
|       if (! (lt
| 	     && lt->tm_year == tm.tm_year
| 	     && lt->tm_mon == tm.tm_mon
| 	     && lt->tm_mday == tm.tm_mday
| 	     && lt->tm_hour == tm.tm_hour
| 	     && lt->tm_min == tm.tm_min
| 	     && lt->tm_sec == tm.tm_sec
| 	     && lt->tm_yday == tm.tm_yday
| 	     && lt->tm_wday == tm.tm_wday
| 	     && ((lt->tm_isdst < 0 ? -1 : 0 < lt->tm_isdst)
| 		  == (tm.tm_isdst < 0 ? -1 : 0 < tm.tm_isdst))))
| 	return 0;
|     }
|   return 1;
| }
| 
| static int
| year_2050_test ()
| {
|   /* The correct answer for 2050-02-01 00:00:00 in Pacific time,
|      ignoring leap seconds.  */
|   unsigned long int answer = 2527315200UL;
| 
|   struct tm tm;
|   time_t t;
|   tm.tm_year = 2050 - 1900;
|   tm.tm_mon = 2 - 1;
|   tm.tm_mday = 1;
|   tm.tm_hour = tm.tm_min = tm.tm_sec = 0;
|   tm.tm_isdst = -1;
| 
|   /* Use the portable POSIX.1 specification "TZ=PST8PDT,M4.1.0,M10.5.0"
|      instead of "TZ=America/Vancouver" in order to detect the bug even
|      on systems that don't support the Olson extension, or don't have the
|      full zoneinfo tables installed.  */
|   putenv ((char*) "TZ=PST8PDT,M4.1.0,M10.5.0");
| 
|   t = mktime (&tm);
| 
|   /* Check that the result is either a failure, or close enough
|      to the correct answer that we can assume the discrepancy is
|      due to leap seconds.  */
|   return (t == (time_t) -1
| 	  || (0 < t && answer - 120 <= t && t <= answer + 120));
| }
| 
| int
| main ()
| {
|   time_t t, delta;
|   int i, j;
| 
|   /* This test makes some buggy mktime implementations loop.
|      Give up after 60 seconds; a mktime slower than that
|      isn't worth using anyway.  */
|   alarm (60);
| 
|   for (;;)
|     {
|       t = (time_t_max << 1) + 1;
|       if (t <= time_t_max)
| 	break;
|       time_t_max = t;
|     }
|   time_t_min = - ((time_t) ~ (time_t) 0 == (time_t) -1) - time_t_max;
| 
|   delta = time_t_max / 997; /* a suitable prime number */
|   for (i = 0; i < N_STRINGS; i++)
|     {
|       if (tz_strings[i])
| 	putenv ((char*) tz_strings[i]);
| 
|       for (t = 0; t <= time_t_max - delta; t += delta)
| 	if (! mktime_test (t))
| 	  return 1;
|       if (! (mktime_test ((time_t) 1)
| 	     && mktime_test ((time_t) (60 * 60))
| 	     && mktime_test ((time_t) (60 * 60 * 24))))
| 	return 1;
| 
|       for (j = 1; ; j <<= 1)
| 	if (! bigtime_test (j))
| 	  return 1;
| 	else if (INT_MAX / 2 < j)
| 	  break;
|       if (! bigtime_test (INT_MAX))
| 	return 1;
|     }
|   return ! (irix_6_4_bug () && spring_forward_gap () && year_2050_test ());
| }
configure:5525: result: no
configure:5538: checking for stdlib.h
configure:5538: result: yes
configure:5548: checking for GNU libc compatible realloc
configure:5572: gcc -o conftest -g -O2   conftest.c -lm  >&5
configure:5572: $? = 0
configure:5572: ./conftest
configure:5572: $? = 0
configure:5582: result: yes
configure:5608: checking for floor
configure:5608: gcc -o conftest -g -O2   conftest.c -lm  >&5
conftest.c:66: warning: conflicting types for built-in function 'floor'
configure:5608: $? = 0
configure:5608: result: yes
configure:5608: checking for ftime
configure:5608: gcc -o conftest -g -O2   conftest.c -lm  >&5
configure:5608: $? = 0
configure:5608: result: yes
configure:5608: checking for getcwd
configure:5608: gcc -o conftest -g -O2   conftest.c -lm  >&5
configure:5608: $? = 0
configure:5608: result: yes
configure:5608: checking for gettimeofday
configure:5608: gcc -o conftest -g -O2   conftest.c -lm  >&5
configure:5608: $? = 0
configure:5608: result: yes
configure:5608: checking for memmove
configure:5608: gcc -o conftest -g -O2   conftest.c -lm  >&5
conftest.c:70: warning: conflicting types for built-in function 'memmove'
configure:5608: $? = 0
configure:5608: result: yes
configure:5608: checking for memset
configure:5608: gcc -o conftest -g -O2   conftest.c -lm  >&5
conftest.c:71: warning: conflicting types for built-in function 'memset'
configure:5608: $? = 0
configure:5608: result: yes
configure:5608: checking for pow
configure:5608: gcc -o conftest -g -O2   conftest.c -lm  >&5
conftest.c:72: warning: conflicting types for built-in function 'pow'
configure:5608: $? = 0
configure:5608: result: yes
configure:5608: checking for sqrt
configure:5608: gcc -o conftest -g -O2   conftest.c -lm  >&5
conftest.c:73: warning: conflicting types for built-in function 'sqrt'
configure:5608: $? = 0
configure:5608: result: yes
configure:5608: checking for strcasecmp
configure:5608: gcc -o conftest -g -O2   conftest.c -lm  >&5
conftest.c:74: warning: conflicting types for built-in function 'strcasecmp'
configure:5608: $? = 0
configure:5608: result: yes
configure:5608: checking for strchr
configure:5608: gcc -o conftest -g -O2   conftest.c -lm  >&5
conftest.c:75: warning: conflicting types for built-in function 'strchr'
configure:5608: $? = 0
configure:5608: result: yes
configure:5608: checking for strcspn
configure:5608: gcc -o conftest -g -O2   conftest.c -lm  >&5
conftest.c:76: warning: conflicting types for built-in function 'strcspn'
configure:5608: $? = 0
configure:5608: result: yes
configure:5608: checking for strrchr
configure:5608: gcc -o conftest -g -O2   conftest.c -lm  >&5
conftest.c:77: warning: conflicting types for built-in function 'strrchr'
configure:5608: $? = 0
configure:5608: result: yes
configure:5608: checking for strstr
configure:5608: gcc -o conftest -g -O2   conftest.c -lm  >&5
conftest.c:78: warning: conflicting types for built-in function 'strstr'
configure:5608: $? = 0
configure:5608: result: yes
configure:5734: creating ./config.status

## ---------------------- ##
## Running config.status. ##
## ---------------------- ##

This file was extended by FULL-PACKAGE-NAME config.status VERSION, which was
generated by GNU Autoconf 2.68.  Invocation command line was

  CONFIG_FILES    = 
  CONFIG_HEADERS  = 
  CONFIG_LINKS    = 
  CONFIG_COMMANDS = 
  $ ./config.status 

on elijah-2.local

config.status:860: creating Makefile
config.status:860: creating fofi/Makefile
config.status:860: creating goo/Makefile
config.status:860: creating splash/Makefile
config.status:860: creating src/Makefile
config.status:860: creating xpdf/Makefile
config.status:860: creating aconf.h

## ---------------- ##
## Cache variables. ##
## ---------------- ##

ac_cv_c_compiler_gnu=yes
ac_cv_c_inline=inline
ac_cv_cxx_compiler_gnu=yes
ac_cv_env_CCC_set=
ac_cv_env_CCC_value=
ac_cv_env_CC_set=
ac_cv_env_CC_value=
ac_cv_env_CFLAGS_set=
ac_cv_env_CFLAGS_value=
ac_cv_env_CPPFLAGS_set=
ac_cv_env_CPPFLAGS_value=
ac_cv_env_CPP_set=
ac_cv_env_CPP_value=
ac_cv_env_CXXFLAGS_set=
ac_cv_env_CXXFLAGS_value=
ac_cv_env_CXX_set=
ac_cv_env_CXX_value=
ac_cv_env_LDFLAGS_set=
ac_cv_env_LDFLAGS_value=
ac_cv_env_LIBS_set=
ac_cv_env_LIBS_value=
ac_cv_env_XMKMF_set=
ac_cv_env_XMKMF_value=
ac_cv_env_build_alias_set=
ac_cv_env_build_alias_value=
ac_cv_env_host_alias_set=
ac_cv_env_host_alias_value=
ac_cv_env_target_alias_set=
ac_cv_env_target_alias_value=
ac_cv_func_alarm=yes
ac_cv_func_connect=yes
ac_cv_func_floor=yes
ac_cv_func_ftime=yes
ac_cv_func_getcwd=yes
ac_cv_func_gethostbyname=yes
ac_cv_func_gettimeofday=yes
ac_cv_func_malloc_0_nonnull=yes
ac_cv_func_memmove=yes
ac_cv_func_memset=yes
ac_cv_func_popen=yes
ac_cv_func_pow=yes
ac_cv_func_realloc_0_nonnull=yes
ac_cv_func_remove=yes
ac_cv_func_shmat=yes
ac_cv_func_sqrt=yes
ac_cv_func_strcasecmp=yes
ac_cv_func_strchr=yes
ac_cv_func_strcspn=yes
ac_cv_func_strrchr=yes
ac_cv_func_strstr=yes
ac_cv_func_working_mktime=no
ac_cv_have_x='have_x=yes	ac_x_includes='\'''\''	ac_x_libraries='\''/usr/X11/lib'\'''
ac_cv_header_dirent_dirent_h=yes
ac_cv_header_fcntl_h=yes
ac_cv_header_inttypes_h=yes
ac_cv_header_limits_h=yes
ac_cv_header_memory_h=yes
ac_cv_header_stdbool_h=yes
ac_cv_header_stdc=yes
ac_cv_header_stddef_h=yes
ac_cv_header_stdint_h=yes
ac_cv_header_stdlib_h=yes
ac_cv_header_string_h=yes
ac_cv_header_strings_h=yes
ac_cv_header_sys_stat_h=yes
ac_cv_header_sys_time_h=yes
ac_cv_header_sys_types_h=yes
ac_cv_header_time=yes
ac_cv_header_unistd_h=yes
ac_cv_lib_Goo_main=no
ac_cv_lib_ICE_IceConnectionNumber=yes
ac_cv_lib_X11_main=no
ac_cv_lib_Xpdf_main=no
ac_cv_lib_error_at_line=no
ac_cv_lib_fofi_main=no
ac_cv_lib_m_main=yes
ac_cv_lib_splash_main=no
ac_cv_objext=o
ac_cv_path_EGREP='/usr/bin/grep -E'
ac_cv_path_GREP=/usr/bin/grep
ac_cv_prog_CPP='gcc -E'
ac_cv_prog_ac_ct_CC=gcc
ac_cv_prog_ac_ct_CXX=g++
ac_cv_prog_ac_ct_RANLIB=ranlib
ac_cv_prog_cc_c89=
ac_cv_prog_cc_g=yes
ac_cv_prog_cxx_g=yes
ac_cv_search_opendir='none required'
ac_cv_sys_largefile_source=no
ac_cv_type__Bool=yes
ac_cv_type_size_t=yes
xpdf_cv_func_mkstemp=yes
xpdf_cv_func_mkstemps=yes

## ----------------- ##
## Output variables. ##
## ----------------- ##

CC='gcc'
CFLAGS='-g -O2'
CPP='gcc -E'
CPPFLAGS=''
CXX='g++'
CXXFLAGS='-g -O2'
DEFS='-DHAVE_CONFIG_H'
ECHO_C='\c'
ECHO_N=''
ECHO_T=''
EGREP='/usr/bin/grep -E'
EXEEXT=''
GREP='/usr/bin/grep'
LDFLAGS=''
LIBOBJS=' ${LIBOBJDIR}error$U.o ${LIBOBJDIR}mktime$U.o'
LIBS='-lm '
LTLIBOBJS=' ${LIBOBJDIR}error$U.lo ${LIBOBJDIR}mktime$U.lo'
OBJEXT='o'
PACKAGE_BUGREPORT='BUG-REPORT-ADDRESS'
PACKAGE_NAME='FULL-PACKAGE-NAME'
PACKAGE_STRING='FULL-PACKAGE-NAME VERSION'
PACKAGE_TARNAME='full-package-name'
PACKAGE_URL=''
PACKAGE_VERSION='VERSION'
PATH_SEPARATOR=':'
RANLIB='ranlib'
SHELL='/bin/sh'
XMKMF=''
X_CFLAGS=''
X_EXTRA_LIBS=''
X_LIBS=' -L/usr/X11/lib -R/usr/X11/lib'
X_PRE_LIBS=' -lSM -lICE'
ac_ct_CC='gcc'
ac_ct_CXX='g++'
bindir='${exec_prefix}/bin'
build_alias=''
datadir='${datarootdir}'
datarootdir='${prefix}/share'
docdir='${datarootdir}/doc/${PACKAGE_TARNAME}'
dvidir='${docdir}'
exec_prefix='${prefix}'
host_alias=''
htmldir='${docdir}'
includedir='${prefix}/include'
infodir='${datarootdir}/info'
libdir='${exec_prefix}/lib'
libexecdir='${exec_prefix}/libexec'
localedir='${datarootdir}/locale'
localstatedir='${prefix}/var'
mandir='${datarootdir}/man'
oldincludedir='/usr/include'
pdfdir='${docdir}'
prefix='/usr/local'
program_transform_name='s,x,x,'
psdir='${docdir}'
sbindir='${exec_prefix}/sbin'
sharedstatedir='${prefix}/com'
sysconfdir='${prefix}/etc'
target_alias=''

## ----------- ##
## confdefs.h. ##
## ----------- ##

/* confdefs.h */
#define PACKAGE_NAME "FULL-PACKAGE-NAME"
#define PACKAGE_TARNAME "full-package-name"
#define PACKAGE_VERSION "VERSION"
#define PACKAGE_STRING "FULL-PACKAGE-NAME VERSION"
#define PACKAGE_BUGREPORT "BUG-REPORT-ADDRESS"
#define PACKAGE_URL ""
#define HAVE_DIRENT_H 1
#define HAVE_LIBM 1
#define STDC_HEADERS 1
#define HAVE_SYS_TYPES_H 1
#define HAVE_SYS_STAT_H 1
#define HAVE_STDLIB_H 1
#define HAVE_STRING_H 1
#define HAVE_MEMORY_H 1
#define HAVE_STRINGS_H 1
#define HAVE_INTTYPES_H 1
#define HAVE_STDINT_H 1
#define HAVE_UNISTD_H 1
#define HAVE_FCNTL_H 1
#define HAVE_LIMITS_H 1
#define HAVE_STDDEF_H 1
#define HAVE_STDLIB_H 1
#define HAVE_STRING_H 1
#define HAVE_UNISTD_H 1
#define HAVE__BOOL 1
#define HAVE_STDBOOL_H 1
#define SYSTEM_XPDFRC "/usr/local/etc/xpdfrc"
#define HAVE_POPEN 1
#define HAVE_MKSTEMP 1
#define HAVE_MKSTEMPS 1
#define HAVE_FSEEKO 1
#define HAVE_STDLIB_H 1
#define HAVE_MALLOC 1
#define TIME_WITH_SYS_TIME 1
#define HAVE_SYS_TIME_H 1
#define HAVE_UNISTD_H 1
#define HAVE_ALARM 1
#define HAVE_STDLIB_H 1
#define HAVE_REALLOC 1
#define HAVE_SPLASH 1
#define HAVE_FLOOR 1
#define HAVE_FTIME 1
#define HAVE_GETCWD 1
#define HAVE_GETTIMEOFDAY 1
#define HAVE_MEMMOVE 1
#define HAVE_MEMSET 1
#define HAVE_POW 1
#define HAVE_SQRT 1
#define HAVE_STRCASECMP 1
#define HAVE_STRCHR 1
#define HAVE_STRCSPN 1
#define HAVE_STRRCHR 1
#define HAVE_STRSTR 1

configure: exit 0
